<?xml version="1.0" encoding="UTF-8"?>
<!-- Generated by org.testng.reporters.JUnitReportReporter -->
<testsuite hostname="TYSS-Yogita" failures="0" tests="1" name="testScripts.SwitchWindowTest" time="9.467" errors="0" timestamp="2023-10-28T11:42:35 IST" skipped="0">
  <testcase classname="testScripts.SwitchWindowTest" name="test" time="9.467"/>
  <system-out/>
</testsuite> <!-- testScripts.SwitchWindowTest -->
